#
# There is insufficient memory for the Java Runtime Environment to continue.
# Native memory allocation (malloc) failed to allocate 1100192 bytes for Chunk::new
# Possible reasons:
#   The system is out of physical RAM or swap space
#   In 32 bit mode, the process size limit was hit
# Possible solutions:
#   Reduce memory load on the system
#   Increase physical memory or swap space
#   Check if swap backing store is full
#   Use 64 bit Java on a 64 bit OS
#   Decrease Java heap size (-Xmx/-Xms)
#   Decrease number of Java threads
#   Decrease Java thread stack sizes (-Xss)
#   Set larger code cache with -XX:ReservedCodeCacheSize=
# This output file may be truncated or incomplete.
#
#  Out of Memory Error (allocation.cpp:390), pid=10256, tid=0x0000000000004184
#
# JRE version: OpenJDK Runtime Environment (8.0_152-b01) (build 1.8.0_152-release-915-b01)
# Java VM: OpenJDK 64-Bit Server VM (25.152-b01 mixed mode windows-amd64 compressed oops)
# Failed to write core dump. Minidumps are not enabled by default on client versions of Windows
#

---------------  T H R E A D  ---------------

Current thread (0x000000001676a000):  JavaThread "C2 CompilerThread0" daemon [_thread_in_native, id=16772, stack(0x0000000018060000,0x0000000018160000)]

Stack: [0x0000000018060000,0x0000000018160000]
[error occurred during error reporting (printing stack bounds), id 0xc0000005]

Native frames: (J=compiled Java code, j=interpreted, Vv=VM code, C=native code)


Current CompileTask:
C2: 821795 19227   !   4       org.gradle.internal.service.DefaultServiceRegistry::doGet (102 bytes)


---------------  P R O C E S S  ---------------

Java Threads: ( => current thread )
  0x0000000019770000 JavaThread "Cache worker for Artifact transforms cache (C:\Users\ME53\.gradle\caches\transforms-1)" [_thread_blocked, id=19144, stack(0x0000000029d70000,0x0000000029e70000)]
  0x0000000019776800 JavaThread "Cache worker for file hash cache (D:\Andorid_Stutio\MQTT20190812\.gradle\4.1\fileHashes)" [_thread_blocked, id=16620, stack(0x0000000029c70000,0x0000000029d70000)]
  0x0000000019776000 JavaThread "Stdin handler" [_thread_blocked, id=16256, stack(0x0000000029b70000,0x0000000029c70000)]
  0x0000000019775000 JavaThread "Asynchronous log dispatcher for DefaultDaemonConnection: socket connection from /127.0.0.1:4348 to /127.0.0.1:4824" [_thread_blocked, id=3984, stack(0x0000000029a70000,0x0000000029b70000)]
  0x0000000019774800 JavaThread "Cancel handler" [_thread_blocked, id=17752, stack(0x0000000029970000,0x0000000029a70000)]
  0x000000001976c000 JavaThread "Handler for socket connection from /127.0.0.1:4348 to /127.0.0.1:4824" [_thread_in_native, id=17800, stack(0x0000000029870000,0x0000000029970000)]
  0x000000001f307800 JavaThread "Daemon worker Thread 3" [_thread_in_native, id=12712, stack(0x0000000028f70000,0x0000000029070000)]
  0x000000001f303800 JavaThread "Daemon Thread 3" [_thread_blocked, id=20188, stack(0x0000000028c70000,0x0000000028d70000)]
  0x0000000019773000 JavaThread "Memory manager" [_thread_blocked, id=8080, stack(0x0000000020f20000,0x0000000021020000)]
  0x0000000019772000 JavaThread "pool-1-thread-1" [_thread_blocked, id=4620, stack(0x0000000020c20000,0x0000000020d20000)]
  0x0000000019f2a000 JavaThread "File lock request listener" [_thread_in_native, id=17256, stack(0x000000001bce0000,0x000000001bde0000)]
  0x00000000192cd800 JavaThread "Cache worker for file hash cache (C:\Users\ME53\.gradle\caches\4.1\fileHashes)" [_thread_blocked, id=5568, stack(0x000000001bbe0000,0x000000001bce0000)]
  0x0000000019361800 JavaThread "Daemon periodic checks" [_thread_blocked, id=16128, stack(0x000000001b0e0000,0x000000001b1e0000)]
  0x0000000019134800 JavaThread "Incoming local TCP Connector on port 4348" [_thread_in_native, id=15084, stack(0x0000000019d30000,0x0000000019e30000)]
  0x0000000017ae9000 JavaThread "Service Thread" daemon [_thread_blocked, id=13752, stack(0x0000000018360000,0x0000000018460000)]
  0x0000000017a6e000 JavaThread "C1 CompilerThread2" daemon [_thread_blocked, id=11168, stack(0x0000000018260000,0x0000000018360000)]
  0x000000001676d000 JavaThread "C2 CompilerThread1" daemon [_thread_blocked, id=18148, stack(0x0000000018160000,0x0000000018260000)]
=>0x000000001676a000 JavaThread "C2 CompilerThread0" daemon [_thread_in_native, id=16772, stack(0x0000000018060000,0x0000000018160000)]
  0x000000001671c800 JavaThread "Attach Listener" daemon [_thread_blocked, id=13968, stack(0x0000000017f60000,0x0000000018060000)]
  0x0000000016769800 JavaThread "Signal Dispatcher" daemon [_thread_blocked, id=19856, stack(0x0000000017e60000,0x0000000017f60000)]
  0x00000000166f7000 JavaThread "Finalizer" daemon [_thread_blocked, id=11348, stack(0x0000000017960000,0x0000000017a60000)]
  0x0000000002d92000 JavaThread "Reference Handler" daemon [_thread_blocked, id=18416, stack(0x0000000017860000,0x0000000017960000)]
  0x0000000002b9e000 JavaThread "main" [_thread_blocked, id=20472, stack(0x0000000002ba0000,0x0000000002ca0000)]

Other Threads:
  0x00000000166d5800 VMThread [stack: 0x0000000017760000,0x0000000017860000] [id=4124]
  0x0000000017aea000 WatcherThread [stack: 0x0000000018460000,0x0000000018560000] [id=18772]

VM state:not at safepoint (normal execution)

VM Mutex/Monitor currently owned by a thread: None

Heap:
 PSYoungGen      total 444928K, used 104624K [0x00000000e0000000, 0x00000000fff00000, 0x0000000100000000)
  eden space 393216K, 22% used [0x00000000e0000000,0x00000000e5700030,0x00000000f8000000)
  from space 51712K, 30% used [0x00000000f8000000,0x00000000f8f2c078,0x00000000fb280000)
  to   space 50176K, 0% used [0x00000000fce00000,0x00000000fce00000,0x00000000fff00000)
 ParOldGen       total 166400K, used 59770K [0x00000000a0000000, 0x00000000aa280000, 0x00000000e0000000)
  object space 166400K, 35% used [0x00000000a0000000,0x00000000a3a5eb30,0x00000000aa280000)
 Metaspace       used 80962K, capacity 85675K, committed 85848K, reserved 1124352K
  class space    used 10247K, capacity 11370K, committed 11392K, reserved 1048576K

Card table byte_map: [0x0000000012160000,0x0000000012470000] byte_map_base: 0x0000000011c60000

Marking Bits: (ParMarkBitMap*) 0x0000000059ff3950
 Begin Bits: [0x0000000012a70000, 0x0000000014270000)
 End Bits:   [0x0000000014270000, 0x0000000015a70000)

Polling page: 0x00000000007f0000

CodeCache: size=245760Kb used=52946Kb max_used=52972Kb free=192813Kb
 bounds [0x0000000002da0000, 0x00000000061b0000, 0x0000000011da0000]
 total_blobs=16331 nmethods=15496 adapters=747
 compilation: enabled

Compilation events (10 events):
Event: 821.286 Thread 0x000000001676d000 19245       4       com.sun.org.apache.xerces.internal.util.XMLStringBuffer::<init> (7 bytes)
Event: 821.287 Thread 0x000000001676d000 nmethod 19245 0x00000000043bb510 code [0x00000000043bb660, 0x00000000043bb778]
Event: 821.287 Thread 0x000000001676d000 19244       4       com.sun.org.apache.xerces.internal.parsers.XML11Configuration::addComponent (27 bytes)
Event: 821.296 Thread 0x000000001676d000 nmethod 19244 0x00000000057318d0 code [0x0000000005731a40, 0x0000000005731f48]
Event: 821.296 Thread 0x000000001676d000 19232       4       java.util.TreeSet::addAll (105 bytes)
Event: 821.301 Thread 0x000000001676d000 nmethod 19232 0x000000000318d510 code [0x000000000318d6a0, 0x000000000318d9a8]
Event: 821.301 Thread 0x000000001676d000 19238       4       org.gradle.model.internal.registry.RuleBinder::isBound (32 bytes)
Event: 821.302 Thread 0x000000001676d000 nmethod 19238 0x00000000034cb910 code [0x00000000034cba60, 0x00000000034cbb38]
Event: 821.302 Thread 0x000000001676d000 19234       4       groovy.lang.MetaClassImpl::pickMethod (12 bytes)
Event: 821.341 Thread 0x000000001676d000 nmethod 19234 0x0000000003180dd0 code [0x0000000003181040, 0x0000000003181f78]

GC Heap History (10 events):
Event: 425.557 GC heap before
{Heap before GC invocations=22 (full 3):
 PSYoungGen      total 321024K, used 321006K [0x00000000e0000000, 0x00000000f7300000, 0x0000000100000000)
  eden space 285184K, 100% used [0x00000000e0000000,0x00000000f1680000,0x00000000f1680000)
  from space 35840K, 99% used [0x00000000f3e80000,0x00000000f617ba40,0x00000000f6180000)
  to   space 40960K, 0% used [0x00000000f1680000,0x00000000f1680000,0x00000000f3e80000)
 ParOldGen       total 166400K, used 53319K [0x00000000a0000000, 0x00000000aa280000, 0x00000000e0000000)
  object space 166400K, 32% used [0x00000000a0000000,0x00000000a3411e18,0x00000000aa280000)
 Metaspace       used 77439K, capacity 81149K, committed 81368K, reserved 1120256K
  class space    used 9840K, capacity 10713K, committed 10752K, reserved 1048576K
Event: 425.613 GC heap after
Heap after GC invocations=22 (full 3):
 PSYoungGen      total 326144K, used 29683K [0x00000000e0000000, 0x00000000f9d80000, 0x0000000100000000)
  eden space 285184K, 0% used [0x00000000e0000000,0x00000000e0000000,0x00000000f1680000)
  from space 40960K, 72% used [0x00000000f1680000,0x00000000f337cc18,0x00000000f3e80000)
  to   space 43008K, 0% used [0x00000000f7380000,0x00000000f7380000,0x00000000f9d80000)
 ParOldGen       total 166400K, used 58382K [0x00000000a0000000, 0x00000000aa280000, 0x00000000e0000000)
  object space 166400K, 35% used [0x00000000a0000000,0x00000000a3903a70,0x00000000aa280000)
 Metaspace       used 77439K, capacity 81149K, committed 81368K, reserved 1120256K
  class space    used 9840K, capacity 10713K, committed 10752K, reserved 1048576K
}
Event: 426.697 GC heap before
{Heap before GC invocations=23 (full 3):
 PSYoungGen      total 326144K, used 314867K [0x00000000e0000000, 0x00000000f9d80000, 0x0000000100000000)
  eden space 285184K, 100% used [0x00000000e0000000,0x00000000f1680000,0x00000000f1680000)
  from space 40960K, 72% used [0x00000000f1680000,0x00000000f337cc18,0x00000000f3e80000)
  to   space 43008K, 0% used [0x00000000f7380000,0x00000000f7380000,0x00000000f9d80000)
 ParOldGen       total 166400K, used 58382K [0x00000000a0000000, 0x00000000aa280000, 0x00000000e0000000)
  object space 166400K, 35% used [0x00000000a0000000,0x00000000a3903a70,0x00000000aa280000)
 Metaspace       used 77453K, capacity 81149K, committed 81368K, reserved 1120256K
  class space    used 9841K, capacity 10713K, committed 10752K, reserved 1048576K
Event: 426.755 GC heap after
Heap after GC invocations=23 (full 3):
 PSYoungGen      total 377344K, used 33891K [0x00000000e0000000, 0x00000000fa800000, 0x0000000100000000)
  eden space 334336K, 0% used [0x00000000e0000000,0x00000000e0000000,0x00000000f4680000)
  from space 43008K, 78% used [0x00000000f7380000,0x00000000f9498c28,0x00000000f9d80000)
  to   space 46080K, 0% used [0x00000000f4680000,0x00000000f4680000,0x00000000f7380000)
 ParOldGen       total 166400K, used 58390K [0x00000000a0000000, 0x00000000aa280000, 0x00000000e0000000)
  object space 166400K, 35% used [0x00000000a0000000,0x00000000a3905a70,0x00000000aa280000)
 Metaspace       used 77453K, capacity 81149K, committed 81368K, reserved 1120256K
  class space    used 9841K, capacity 10713K, committed 10752K, reserved 1048576K
}
Event: 429.985 GC heap before
{Heap before GC invocations=24 (full 3):
 PSYoungGen      total 377344K, used 368227K [0x00000000e0000000, 0x00000000fa800000, 0x0000000100000000)
  eden space 334336K, 100% used [0x00000000e0000000,0x00000000f4680000,0x00000000f4680000)
  from space 43008K, 78% used [0x00000000f7380000,0x00000000f9498c28,0x00000000f9d80000)
  to   space 46080K, 0% used [0x00000000f4680000,0x00000000f4680000,0x00000000f7380000)
 ParOldGen       total 166400K, used 58390K [0x00000000a0000000, 0x00000000aa280000, 0x00000000e0000000)
  object space 166400K, 35% used [0x00000000a0000000,0x00000000a3905a70,0x00000000aa280000)
 Metaspace       used 78521K, capacity 82235K, committed 82520K, reserved 1120256K
  class space    used 9953K, capacity 10832K, committed 10880K, reserved 1048576K
Event: 430.025 GC heap after
Heap after GC invocations=24 (full 3):
 PSYoungGen      total 380416K, used 37548K [0x00000000e0000000, 0x00000000fe300000, 0x0000000100000000)
  eden space 334336K, 0% used [0x00000000e0000000,0x00000000e0000000,0x00000000f4680000)
  from space 46080K, 81% used [0x00000000f4680000,0x00000000f6b2b260,0x00000000f7380000)
  to   space 49664K, 0% used [0x00000000fb280000,0x00000000fb280000,0x00000000fe300000)
 ParOldGen       total 166400K, used 59754K [0x00000000a0000000, 0x00000000aa280000, 0x00000000e0000000)
  object space 166400K, 35% used [0x00000000a0000000,0x00000000a3a5ab30,0x00000000aa280000)
 Metaspace       used 78521K, capacity 82235K, committed 82520K, reserved 1120256K
  class space    used 9953K, capacity 10832K, committed 10880K, reserved 1048576K
}
Event: 431.565 GC heap before
{Heap before GC invocations=25 (full 3):
 PSYoungGen      total 380416K, used 371214K [0x00000000e0000000, 0x00000000fe300000, 0x0000000100000000)
  eden space 334336K, 99% used [0x00000000e0000000,0x00000000f45d8640,0x00000000f4680000)
  from space 46080K, 81% used [0x00000000f4680000,0x00000000f6b2b260,0x00000000f7380000)
  to   space 49664K, 0% used [0x00000000fb280000,0x00000000fb280000,0x00000000fe300000)
 ParOldGen       total 166400K, used 59754K [0x00000000a0000000, 0x00000000aa280000, 0x00000000e0000000)
  object space 166400K, 35% used [0x00000000a0000000,0x00000000a3a5ab30,0x00000000aa280000)
 Metaspace       used 79729K, capacity 83761K, committed 84056K, reserved 1122304K
  class space    used 10146K, capacity 11067K, committed 11136K, reserved 1048576K
Event: 431.605 GC heap after
Heap after GC invocations=25 (full 3):
 PSYoungGen      total 442880K, used 35692K [0x00000000e0000000, 0x00000000fe580000, 0x0000000100000000)
  eden space 393216K, 0% used [0x00000000e0000000,0x00000000e0000000,0x00000000f8000000)
  from space 49664K, 71% used [0x00000000fb280000,0x00000000fd55b278,0x00000000fe300000)
  to   space 51712K, 0% used [0x00000000f8000000,0x00000000f8000000,0x00000000fb280000)
 ParOldGen       total 166400K, used 59762K [0x00000000a0000000, 0x00000000aa280000, 0x00000000e0000000)
  object space 166400K, 35% used [0x00000000a0000000,0x00000000a3a5cb30,0x00000000aa280000)
 Metaspace       used 79729K, capacity 83761K, committed 84056K, reserved 1122304K
  class space    used 10146K, capacity 11067K, committed 11136K, reserved 1048576K
}
Event: 817.308 GC heap before
{Heap before GC invocations=26 (full 3):
 PSYoungGen      total 442880K, used 428908K [0x00000000e0000000, 0x00000000fe580000, 0x0000000100000000)
  eden space 393216K, 100% used [0x00000000e0000000,0x00000000f8000000,0x00000000f8000000)
  from space 49664K, 71% used [0x00000000fb280000,0x00000000fd55b278,0x00000000fe300000)
  to   space 51712K, 0% used [0x00000000f8000000,0x00000000f8000000,0x00000000fb280000)
 ParOldGen       total 166400K, used 59762K [0x00000000a0000000, 0x00000000aa280000, 0x00000000e0000000)
  object space 166400K, 35% used [0x00000000a0000000,0x00000000a3a5cb30,0x00000000aa280000)
 Metaspace       used 80464K, capacity 84797K, committed 85080K, reserved 1122304K
  class space    used 10209K, capacity 11267K, committed 11392K, reserved 1048576K
Event: 817.330 GC heap after
Heap after GC invocations=26 (full 3):
 PSYoungGen      total 444928K, used 15536K [0x00000000e0000000, 0x00000000fff00000, 0x0000000100000000)
  eden space 393216K, 0% used [0x00000000e0000000,0x00000000e0000000,0x00000000f8000000)
  from space 51712K, 30% used [0x00000000f8000000,0x00000000f8f2c078,0x00000000fb280000)
  to   space 50176K, 0% used [0x00000000fce00000,0x00000000fce00000,0x00000000fff00000)
 ParOldGen       total 166400K, used 59770K [0x00000000a0000000, 0x00000000aa280000, 0x00000000e0000000)
  object space 166400K, 35% used [0x00000000a0000000,0x00000000a3a5eb30,0x00000000aa280000)
 Metaspace       used 80464K, capacity 84797K, committed 85080K, reserved 1122304K
  class space    used 10209K, capacity 11267K, committed 11392K, reserved 1048576K
}

Deoptimization events (10 events):
Event: 816.823 Thread 0x000000001f307800 Uncommon trap: reason=array_check action=maybe_recompile pc=0x0000000005ca7388 method=com.google.common.collect.ImmutableSet.construct(I[Ljava/lang/Object;)Lcom/google/common/collect/ImmutableSet; @ 122
Event: 817.023 Thread 0x000000001f307800 Uncommon trap: reason=array_check action=maybe_recompile pc=0x0000000005ab6f0c method=java.util.ComparableTimSort.reverseRange([Ljava/lang/Object;II)V @ 20
Event: 817.032 Thread 0x000000001f307800 Uncommon trap: reason=array_check action=maybe_recompile pc=0x0000000005ab6f0c method=java.util.ComparableTimSort.reverseRange([Ljava/lang/Object;II)V @ 20
Event: 817.150 Thread 0x000000001f307800 Uncommon trap: reason=array_check action=maybe_recompile pc=0x0000000005ab6f0c method=java.util.ComparableTimSort.reverseRange([Ljava/lang/Object;II)V @ 20
Event: 817.152 Thread 0x000000001f307800 Uncommon trap: reason=array_check action=maybe_recompile pc=0x0000000005ab6f0c method=java.util.ComparableTimSort.reverseRange([Ljava/lang/Object;II)V @ 20
Event: 818.141 Thread 0x000000001f307800 Uncommon trap: reason=class_check action=maybe_recompile pc=0x00000000058772ec method=org.gradle.api.internal.file.pattern.PatternMatcherFactory$PathMatcherBackedSpec.isSatisfiedBy(Lorg/gradle/api/file/RelativePath;)Z @ 23
Event: 818.845 Thread 0x000000001f307800 Uncommon trap: reason=bimorphic action=maybe_recompile pc=0x00000000053f8348 method=com.google.common.collect.ImmutableList.copyOf(Ljava/util/Collection;)Lcom/google/common/collect/ImmutableList; @ 11
Event: 820.503 Thread 0x000000001f307800 Uncommon trap: reason=array_check action=maybe_recompile pc=0x00000000060602f4 method=java.util.ComparableTimSort.reverseRange([Ljava/lang/Object;II)V @ 27
Event: 820.506 Thread 0x000000001f307800 Uncommon trap: reason=array_check action=maybe_recompile pc=0x00000000060602f4 method=java.util.ComparableTimSort.reverseRange([Ljava/lang/Object;II)V @ 27
Event: 820.545 Thread 0x000000001f307800 Uncommon trap: reason=array_check action=maybe_recompile pc=0x00000000060549e0 method=java.util.ComparableTimSort.reverseRange([Ljava/lang/Object;II)V @ 27

Classes redefined (0 events):
No events

Internal exceptions (10 events):
Event: 817.821 Thread 0x000000001f307800 Exception <a 'sun/nio/fs/WindowsException'> (0x00000000e1939a68) thrown at [D:\src\AOSP-openjdk-cygwin\jdk8u\hotspot\src\share\vm\prims\jni.cpp, line 709]
Event: 817.821 Thread 0x000000001f307800 Exception <a 'sun/nio/fs/WindowsException'> (0x00000000e193b680) thrown at [D:\src\AOSP-openjdk-cygwin\jdk8u\hotspot\src\share\vm\prims\jni.cpp, line 709]
Event: 817.821 Thread 0x000000001f307800 Exception <a 'sun/nio/fs/WindowsException'> (0x00000000e193c2a0) thrown at [D:\src\AOSP-openjdk-cygwin\jdk8u\hotspot\src\share\vm\prims\jni.cpp, line 709]
Event: 817.821 Thread 0x000000001f307800 Exception <a 'sun/nio/fs/WindowsException'> (0x00000000e193eda0) thrown at [D:\src\AOSP-openjdk-cygwin\jdk8u\hotspot\src\share\vm\prims\jni.cpp, line 709]
Event: 817.821 Thread 0x000000001f307800 Exception <a 'sun/nio/fs/WindowsException'> (0x00000000e193f9a8) thrown at [D:\src\AOSP-openjdk-cygwin\jdk8u\hotspot\src\share\vm\prims\jni.cpp, line 709]
Event: 817.821 Thread 0x000000001f307800 Exception <a 'sun/nio/fs/WindowsException'> (0x00000000e19415e8) thrown at [D:\src\AOSP-openjdk-cygwin\jdk8u\hotspot\src\share\vm\prims\jni.cpp, line 709]
Event: 817.821 Thread 0x000000001f307800 Exception <a 'sun/nio/fs/WindowsException'> (0x00000000e1942230) thrown at [D:\src\AOSP-openjdk-cygwin\jdk8u\hotspot\src\share\vm\prims\jni.cpp, line 709]
Event: 818.878 Thread 0x000000001f307800 Exception <a 'sun/nio/fs/WindowsException'> (0x00000000e3babd68) thrown at [D:\src\AOSP-openjdk-cygwin\jdk8u\hotspot\src\share\vm\prims\jni.cpp, line 709]
Event: 820.503 Thread 0x000000001f307800 Exception <a 'java/lang/ClassNotFoundException': sync_local_repo2828_emckrtfeycrias2ihng0dhi46BeanInfo> (0x00000000e4574bf0) thrown at [D:\src\AOSP-openjdk-cygwin\jdk8u\hotspot\src\share\vm\classfile\systemDictionary.cpp, line 210]
Event: 820.504 Thread 0x000000001f307800 Exception <a 'java/lang/ClassNotFoundException': sync_local_repo2828_emckrtfeycrias2ihng0dhi46Customizer> (0x00000000e457f4d8) thrown at [D:\src\AOSP-openjdk-cygwin\jdk8u\hotspot\src\share\vm\classfile\systemDictionary.cpp, line 210]

Events (10 events):
Event: 820.545 Thread 0x000000001f307800 DEOPT UNPACKING pc=0x0000000002de556a sp=0x0000000029069f90 mode 2
Event: 820.548 loading class groovy/runtime/metaclass/sync_local_repo2828_emckrtfeycrias2ihng0dhi46$_run_closure1$_closure2$_closure4MetaClass
Event: 820.548 loading class groovy/runtime/metaclass/sync_local_repo2828_emckrtfeycrias2ihng0dhi46$_run_closure1$_closure2$_closure4MetaClass done
Event: 820.554 loading class groovy/runtime/metaclass/sync_local_repo2828_emckrtfeycrias2ihng0dhi46$_run_closure1$_closure2$_closure4$_closure5MetaClass
Event: 820.554 loading class groovy/runtime/metaclass/sync_local_repo2828_emckrtfeycrias2ihng0dhi46$_run_closure1$_closure2$_closure4$_closure5MetaClass done
Event: 820.556 loading class groovy/runtime/metaclass/sync_local_repo2828_emckrtfeycrias2ihng0dhi46$_run_closure1$_closure3MetaClass
Event: 820.556 loading class groovy/runtime/metaclass/sync_local_repo2828_emckrtfeycrias2ihng0dhi46$_run_closure1$_closure3MetaClass done
Event: 820.558 loading class groovy/runtime/metaclass/sync_local_repo2828_emckrtfeycrias2ihng0dhi46$_run_closure1$_closure3$_closure6MetaClass
Event: 820.558 loading class groovy/runtime/metaclass/sync_local_repo2828_emckrtfeycrias2ihng0dhi46$_run_closure1$_closure3$_closure6MetaClass done
Event: 820.574 Thread 0x0000000019770000 Thread added: 0x0000000019770000


Dynamic libraries:
0x00007ff750b40000 - 0x00007ff750b71000 	D:\Android_ALL\AS\jre\bin\java.exe
0x00007ffb03ff0000 - 0x00007ffb041d1000 	C:\WINDOWS\SYSTEM32\ntdll.dll
0x00007ffb03b30000 - 0x00007ffb03be2000 	C:\WINDOWS\System32\KERNEL32.DLL
0x00007ffb003c0000 - 0x00007ffb00633000 	C:\WINDOWS\System32\KERNELBASE.dll
0x00007ffb032d0000 - 0x00007ffb03371000 	C:\WINDOWS\System32\ADVAPI32.dll
0x00007ffb03bf0000 - 0x00007ffb03c8e000 	C:\WINDOWS\System32\msvcrt.dll
0x00007ffb03a20000 - 0x00007ffb03a7b000 	C:\WINDOWS\System32\sechost.dll
0x00007ffb02970000 - 0x00007ffb02a94000 	C:\WINDOWS\System32\RPCRT4.dll
0x00007ffb034e0000 - 0x00007ffb03670000 	C:\WINDOWS\System32\USER32.dll
0x00007ffb00b00000 - 0x00007ffb00b20000 	C:\WINDOWS\System32\win32u.dll
0x00007ffb036f0000 - 0x00007ffb03718000 	C:\WINDOWS\System32\GDI32.dll
0x00007ffb008e0000 - 0x00007ffb00a72000 	C:\WINDOWS\System32\gdi32full.dll
0x00007ffb00cd0000 - 0x00007ffb00d6f000 	C:\WINDOWS\System32\msvcp_win.dll
0x00007ffb00b20000 - 0x00007ffb00c1a000 	C:\WINDOWS\System32\ucrtbase.dll
0x00007ffaf48b0000 - 0x00007ffaf4b19000 	C:\WINDOWS\WinSxS\amd64_microsoft.windows.common-controls_6595b64144ccf1df_6.0.17134.556_none_fb439e4b3064774e\COMCTL32.dll
0x00007ffb03c90000 - 0x00007ffb03fb2000 	C:\WINDOWS\System32\combase.dll
0x00007ffb00a80000 - 0x00007ffb00afa000 	C:\WINDOWS\System32\bcryptPrimitives.dll
0x00007ffb032a0000 - 0x00007ffb032cd000 	C:\WINDOWS\System32\IMM32.DLL
0x0000000059670000 - 0x0000000059742000 	D:\Android_ALL\AS\jre\jre\bin\msvcr100.dll
0x0000000059830000 - 0x000000005a06e000 	D:\Android_ALL\AS\jre\jre\bin\server\jvm.dll
0x00007ffb03720000 - 0x00007ffb03728000 	C:\WINDOWS\System32\PSAPI.DLL
0x00007ffafca30000 - 0x00007ffafca53000 	C:\WINDOWS\SYSTEM32\WINMM.dll
0x00007ffaf8700000 - 0x00007ffaf870a000 	C:\WINDOWS\SYSTEM32\VERSION.dll
0x00007ffadd550000 - 0x00007ffadd559000 	C:\WINDOWS\SYSTEM32\WSOCK32.dll
0x00007ffb030b0000 - 0x00007ffb0311c000 	C:\WINDOWS\System32\WS2_32.dll
0x00007ffafca00000 - 0x00007ffafca2a000 	C:\WINDOWS\SYSTEM32\WINMMBASE.dll
0x00007ffb00c20000 - 0x00007ffb00c69000 	C:\WINDOWS\System32\cfgmgr32.dll
0x00007ffaea290000 - 0x00007ffaea29f000 	D:\Android_ALL\AS\jre\jre\bin\verify.dll
0x00007ffacd110000 - 0x00007ffacd139000 	D:\Android_ALL\AS\jre\jre\bin\java.dll
0x00007ffae7a20000 - 0x00007ffae7a36000 	D:\Android_ALL\AS\jre\jre\bin\zip.dll
0x00007ffb01530000 - 0x00007ffb02970000 	C:\WINDOWS\System32\SHELL32.dll
0x00007ffb01480000 - 0x00007ffb01529000 	C:\WINDOWS\System32\shcore.dll
0x00007ffb00d70000 - 0x00007ffb0147d000 	C:\WINDOWS\System32\windows.storage.dll
0x00007ffb03040000 - 0x00007ffb03091000 	C:\WINDOWS\System32\shlwapi.dll
0x00007ffb00330000 - 0x00007ffb00341000 	C:\WINDOWS\System32\kernel.appcore.dll
0x00007ffb003a0000 - 0x00007ffb003bf000 	C:\WINDOWS\System32\profapi.dll
0x00007ffb00350000 - 0x00007ffb0039c000 	C:\WINDOWS\System32\powrprof.dll
0x00007ffb00320000 - 0x00007ffb0032a000 	C:\WINDOWS\System32\FLTLIB.DLL
0x00007ffae0460000 - 0x00007ffae047a000 	D:\Android_ALL\AS\jre\jre\bin\net.dll
0x00007ffaffb80000 - 0x00007ffaffbe6000 	C:\WINDOWS\system32\mswsock.dll
0x00007ffade8c0000 - 0x00007ffade8d1000 	D:\Android_ALL\AS\jre\jre\bin\nio.dll
0x00007ffaea3a0000 - 0x00007ffaea3be000 	C:\Users\ME53\.gradle\native\25\windows-amd64\native-platform.dll
0x00007ffae9190000 - 0x00007ffae919d000 	D:\Android_ALL\AS\jre\jre\bin\management.dll
0x00007ffaffd30000 - 0x00007ffaffd47000 	C:\WINDOWS\SYSTEM32\CRYPTSP.dll
0x00007ffaff760000 - 0x00007ffaff793000 	C:\WINDOWS\system32\rsaenh.dll
0x00007ffaffe60000 - 0x00007ffaffe85000 	C:\WINDOWS\SYSTEM32\bcrypt.dll
0x00007ffb00230000 - 0x00007ffb00258000 	C:\WINDOWS\SYSTEM32\USERENV.dll
0x00007ffaffd50000 - 0x00007ffaffd5b000 	C:\WINDOWS\SYSTEM32\CRYPTBASE.dll
0x00007ffaff900000 - 0x00007ffaff938000 	C:\WINDOWS\SYSTEM32\IPHLPAPI.DLL
0x00007ffb03b20000 - 0x00007ffb03b28000 	C:\WINDOWS\System32\NSI.dll
0x00007ffaf5120000 - 0x00007ffaf5136000 	C:\WINDOWS\SYSTEM32\dhcpcsvc6.DLL
0x00007ffaf5160000 - 0x00007ffaf517a000 	C:\WINDOWS\SYSTEM32\dhcpcsvc.DLL

VM Arguments:
jvm_args: -Xmx1536m -Dfile.encoding=GBK -Duser.country=CN -Duser.language=zh -Duser.variant 
java_command: org.gradle.launcher.daemon.bootstrap.GradleDaemon 4.1
java_class_path (initial): C:\Users\ME53\.gradle\wrapper\dists\gradle-4.1-all\bzyivzo6n839fup2jbap0tjew\gradle-4.1\lib\gradle-launcher-4.1.jar
Launcher Type: SUN_STANDARD

Environment Variables:
JAVA_HOME=D:\Android_ALL\jdk-10
PATH=C:\Program Files (x86)\NVIDIA Corporation\PhysX\Common;C:\Program Files (x86)\Common Files\Oracle\Java\javapath;D:\Program Files BIG\Python\Scripts\;D:\Program Files BIG\Python\;C:\Program Files (x86)\Intel\iCLS Client\;C:\Program Files\Intel\iCLS Client\;C:\Windows\system32;C:\Windows;C:\Windows\System32\Wbem;C:\Windows\System32\WindowsPowerShell\v1.0\;C:\Program Files\Intel\WiFi\bin\;C:\Program Files\Common Files\Intel\WirelessCommon\;C:\Program Files (x86)\Intel\Intel(R) Management Engine Components\DAL;C:\Program Files\Intel\Intel(R) Management Engine Components\DAL;C:\Program Files (x86)\Intel\Intel(R) Management Engine Components\IPT;C:\Program Files\Intel\Intel(R) Management Engine Components\IPT;D:\Program Files BIG\AD 09\System;D:\Program Files BIG\Python;D:\Program Files BIG\Python\Scripts;D:\Android_ALL\jdk-10\bin;D:\Android_ALL\jdk-10\jre\bin;% ANDROID_HOME%\platform-tools;% ANDROID_HOME%\tools;C:\Program Files\Microsoft SQL Server\Client SDK\ODBC\110\Tools\Binn\;C:\Program Files (x86)\Microsoft SQL Server\120\Tools\Binn\;C:\Program Files\Microsoft SQL Server\120\Tools\Binn\;C:\Program Files\Microsoft SQL Server\120\DTS\Binn\;C:\Program Files (x86)\Windows Kits\8.1\Windows Performance Toolkit\;D:\Android_ALL\jdk-10\bin;C:\WINDOWS\system32;C:\WINDOWS;C:\WINDOWS\System32\Wbem;C:\WINDOWS\System32\WindowsPowerShell\v1.0\;C:\WINDOWS\System32\OpenSSH\;D:\Program File\Git\cmd;D:\Program File\nodejs\;D:\Program\Flutter\bin;D:\Flutter\flutter-1.7.8-hotfix.3\bin;D:\Program Files BIG\Python\Scripts\;D:\Program Files BIG\Python\;C:\Program Files\Intel\WiFi\bin\;C:\Program Files\Common Files\Intel\WirelessCommon\;GRADLE_HOME;C:\Users\ME53\AppData\Local\Microsoft\WindowsApps;C:\Users\ME53\AppData\Roaming\npm;D:\Flutter\flutter-1.7.8-hotfix.3\bin;
USERNAME=ME53
OS=Windows_NT
PROCESSOR_IDENTIFIER=Intel64 Family 6 Model 78 Stepping 3, GenuineIntel



---------------  S Y S T E M  ---------------

OS: Windows 10.0 , 64 bit Build 17134 (10.0.17134.556)

CPU:total 4 (initial active 4) (2 cores per cpu, 2 threads per core) family 6 model 78 stepping 3, cmov, cx8, fxsr, mmx, sse, sse2, sse3, ssse3, sse4.1, sse4.2, popcnt, avx, avx2, aes, clmul, erms, 3dnowpref, lzcnt, ht, tsc, tscinvbit, bmi1, bmi2, adx

Memory: 4k page, physical 8259488k(1821292k free), swap 9308064k(7968k free)

vm_info: OpenJDK 64-Bit Server VM (25.152-b01) for windows-amd64 JRE (1.8.0_152-release-915-b01), built by "builder" with MS VC++ 10.0 (VS2010)

time: Mon Aug 12 01:16:53 2019
elapsed time: 821 seconds (0d 0h 13m 41s)

